Added Component: Designator=CVCAP1(CONDENSATEUR_CMS_0805)
Add component (AddParameter): Name = "Type"; Value = "CMS_0805"; VariantName = "[No Variations]"
Add component (AddParameter): Name = "Value"; Value = "2.2µF"; VariantName = "[No Variations]"
Added Component: Designator=CVCAP2(CONDENSATEUR_CMS_0805)
Add component (AddParameter): Name = "Type"; Value = "CMS_0805"; VariantName = "[No Variations]"
Add component (AddParameter): Name = "Value"; Value = "2.2µF"; VariantName = "[No Variations]"
Added Component: Designator=F?(STM-LQFP64_N)
Add component (AddParameter): Name = "ComponentLink1Description"; Value = "Manufacturer URL"; VariantName = "[No Variations]"
Add component (AddParameter): Name = "ComponentLink1URL"; Value = "http://www.st.com/web/en/home.html"; VariantName = "[No Variations]"
Add component (AddParameter): Name = "ComponentLink2Description"; Value = "Datasheet"; VariantName = "[No Variations]"
Add component (AddParameter): Name = "ComponentLink2URL"; Value = "http://www.st.com/st-web-ui/static/active/en/resource/technical/document/datasheet/DM00037051.pdf"; VariantName = "[No Variations]"
Add component (AddParameter): Name = "ComponentLink3Description"; Value = "Package Specification"; VariantName = "[No Variations]"
Add component (AddParameter): Name = "ComponentLink3URL"; Value = "http://www.st.com/st-web-ui/static/active/en/resource/technical/document/datasheet/DM00037051.pdf"; VariantName = "[No Variations]"
Add component (AddParameter): Name = "Core"; Value = "ARM Cortex-M4"; VariantName = "[No Variations]"
Add component (AddParameter): Name = "D/A Converter"; Value = "2x12-bit"; VariantName = "[No Variations]"
Add component (AddParameter): Name = "DatasheetVersion"; Value = "Rev. 4"; VariantName = "[No Variations]"
Add component (AddParameter): Name = "FLASH Size (Prog) (kB)"; Value = "1024"; VariantName = "[No Variations]"
Add component (AddParameter): Name = "I/Os (High Current)"; Value = "51"; VariantName = "[No Variations]"
Add component (AddParameter): Name = "Internal RAM Size (kB)"; Value = "192"; VariantName = "[No Variations]"
Add component (AddParameter): Name = "Manufacturer"; Value = "STMicroelectronics"; VariantName = "[No Variations]"
Add component (AddParameter): Name = "Mounting Technology"; Value = "Surface Mount"; VariantName = "[No Variations]"
Add component (AddParameter): Name = "Operating Frequency(F) (Processor speed) (MHz)"; Value = "168"; VariantName = "[No Variations]"
Add component (AddParameter): Name = "PackageDescription"; Value = "64-Pin Low Profile Quad Flat Package, 10 x 10 mm Body, 0.5 mm Pitch"; VariantName = "[No Variations]"
Add component (AddParameter): Name = "PackageReference"; Value = "LQFP64"; VariantName = "[No Variations]"
Add component (AddParameter): Name = "PackageVersion"; Value = "Rev. 4, 06/2013"; VariantName = "[No Variations]"
Add component (AddParameter): Name = "Packing"; Value = "Tray"; VariantName = "[No Variations]"
Add component (AddParameter): Name = "PartNumber"; Value = "STM32F405RGT6"; VariantName = "[No Variations]"
Add component (AddParameter): Name = "Supplier 1"; Value = "Digi-Key"; VariantName = "[No Variations]"
Add component (AddParameter): Name = "Supplier 2"; Value = "Farnell"; VariantName = "[No Variations]"
Add component (AddParameter): Name = "Supplier 3"; Value = "Newark"; VariantName = "[No Variations]"
Add component (AddParameter): Name = "Supplier 4"; Value = "Mouser"; VariantName = "[No Variations]"
Add component (AddParameter): Name = "Supplier Part Number 1"; Value = "497-11767-ND"; VariantName = "[No Variations]"
Add component (AddParameter): Name = "Supplier Part Number 2"; Value = "2064363"; VariantName = "[No Variations]"
Add component (AddParameter): Name = "Supplier Part Number 3"; Value = "73T2329"; VariantName = "[No Variations]"
Add component (AddParameter): Name = "Supplier Part Number 4"; Value = "511-STM32F405RGT6"; VariantName = "[No Variations]"
Add component (AddParameter): Name = "Supply Voltage(Vcc) max (V)"; Value = "3.6"; VariantName = "[No Variations]"
Add component (AddParameter): Name = "Supply Voltage(Vcc) min (V)"; Value = "1.8"; VariantName = "[No Variations]"
Added Component: Designator=F?(STM-LQFP64_N)
Add component (AddParameter): Name = "ComponentLink1Description"; Value = "Manufacturer URL"; VariantName = "[No Variations]"
Add component (AddParameter): Name = "ComponentLink1URL"; Value = "http://www.st.com/web/en/home.html"; VariantName = "[No Variations]"
Add component (AddParameter): Name = "ComponentLink2Description"; Value = "Datasheet"; VariantName = "[No Variations]"
Add component (AddParameter): Name = "ComponentLink2URL"; Value = "http://www.st.com/st-web-ui/static/active/en/resource/technical/document/datasheet/DM00037051.pdf"; VariantName = "[No Variations]"
Add component (AddParameter): Name = "ComponentLink3Description"; Value = "Package Specification"; VariantName = "[No Variations]"
Add component (AddParameter): Name = "ComponentLink3URL"; Value = "http://www.st.com/st-web-ui/static/active/en/resource/technical/document/datasheet/DM00037051.pdf"; VariantName = "[No Variations]"
Add component (AddParameter): Name = "Core"; Value = "ARM Cortex-M4"; VariantName = "[No Variations]"
Add component (AddParameter): Name = "D/A Converter"; Value = "2x12-bit"; VariantName = "[No Variations]"
Add component (AddParameter): Name = "DatasheetVersion"; Value = "Rev. 4"; VariantName = "[No Variations]"
Add component (AddParameter): Name = "FLASH Size (Prog) (kB)"; Value = "1024"; VariantName = "[No Variations]"
Add component (AddParameter): Name = "I/Os (High Current)"; Value = "51"; VariantName = "[No Variations]"
Add component (AddParameter): Name = "Internal RAM Size (kB)"; Value = "192"; VariantName = "[No Variations]"
Add component (AddParameter): Name = "Manufacturer"; Value = "STMicroelectronics"; VariantName = "[No Variations]"
Add component (AddParameter): Name = "Mounting Technology"; Value = "Surface Mount"; VariantName = "[No Variations]"
Add component (AddParameter): Name = "Operating Frequency(F) (Processor speed) (MHz)"; Value = "168"; VariantName = "[No Variations]"
Add component (AddParameter): Name = "PackageDescription"; Value = "64-Pin Low Profile Quad Flat Package, 10 x 10 mm Body, 0.5 mm Pitch"; VariantName = "[No Variations]"
Add component (AddParameter): Name = "PackageReference"; Value = "LQFP64"; VariantName = "[No Variations]"
Add component (AddParameter): Name = "PackageVersion"; Value = "Rev. 4, 06/2013"; VariantName = "[No Variations]"
Add component (AddParameter): Name = "Packing"; Value = "Tray"; VariantName = "[No Variations]"
Add component (AddParameter): Name = "PartNumber"; Value = "STM32F405RGT6"; VariantName = "[No Variations]"
Add component (AddParameter): Name = "Supplier 1"; Value = "Digi-Key"; VariantName = "[No Variations]"
Add component (AddParameter): Name = "Supplier 2"; Value = "Farnell"; VariantName = "[No Variations]"
Add component (AddParameter): Name = "Supplier 3"; Value = "Newark"; VariantName = "[No Variations]"
Add component (AddParameter): Name = "Supplier 4"; Value = "Mouser"; VariantName = "[No Variations]"
Add component (AddParameter): Name = "Supplier Part Number 1"; Value = "497-11767-ND"; VariantName = "[No Variations]"
Add component (AddParameter): Name = "Supplier Part Number 2"; Value = "2064363"; VariantName = "[No Variations]"
Add component (AddParameter): Name = "Supplier Part Number 3"; Value = "73T2329"; VariantName = "[No Variations]"
Add component (AddParameter): Name = "Supplier Part Number 4"; Value = "511-STM32F405RGT6"; VariantName = "[No Variations]"
Add component (AddParameter): Name = "Supply Voltage(Vcc) max (V)"; Value = "3.6"; VariantName = "[No Variations]"
Add component (AddParameter): Name = "Supply Voltage(Vcc) min (V)"; Value = "1.8"; VariantName = "[No Variations]"
Added Pin To Net: NetName=NetCVCAP1_1 Pin=CVCAP1-1
Added Pin To Net: NetName=GND Pin=CVCAP1-2
Added Pin To Net: NetName=NetCVCAP2_1 Pin=CVCAP2-1
Added Pin To Net: NetName=GND Pin=CVCAP2-2
Added Pin To Net: NetName=NetF?_1 Pin=F?-1
Added Pin To Net: NetName=LED2 Pin=F?-2
Added Pin To Net: NetName=LED1 Pin=F?-3
Added Pin To Net: NetName=OSC_IN Pin=F?-5
Added Pin To Net: NetName=OSC_OUT Pin=F?-6
Added Pin To Net: NetName=PROG_NRST Pin=F?-7
Added Pin To Net: NetName=ADC1_IN13 Pin=F?-11
Added Pin To Net: NetName=GND Pin=F?-12
Added Pin To Net: NetName=NetF?_1 Pin=F?-13
Added Pin To Net: NetName=UART4_TX Pin=F?-14
Added Pin To Net: NetName=UART4_RX Pin=F?-15
Added Pin To Net: NetName=UART2_RX Pin=F?-17
Added Pin To Net: NetName=GND Pin=F?-18
Added Pin To Net: NetName=NetF?_1 Pin=F?-19
Added Pin To Net: NetName=TIM3_CH1 Pin=F?-22
Added Pin To Net: NetName=TIM3_CH2 Pin=F?-23
Added Pin To Net: NetName=ADC1_IN14 Pin=F?-24
Added Pin To Net: NetName=TIM3_CH3 Pin=F?-26
Added Pin To Net: NetName=TIM3_CH4 Pin=F?-27
Added Pin To Net: NetName=UART3_TX Pin=F?-29
Added Pin To Net: NetName=UART3_RX Pin=F?-30
Added Pin To Net: NetName=NetCVCAP1_1 Pin=F?-31
Added Pin To Net: NetName=NetF?_1 Pin=F?-32
Added Pin To Net: NetName=UART6_TX Pin=F?-37
Added Pin To Net: NetName=UART6_RX Pin=F?-38
Added Pin To Net: NetName=PC9 Pin=F?-40
Added Pin To Net: NetName=TIM1_CH1 Pin=F?-41
Added Pin To Net: NetName=TIM1_CH2 Pin=F?-42
Added Pin To Net: NetName=TIM1_CH3 Pin=F?-43
Added Pin To Net: NetName=TIM1_CH4 Pin=F?-44
Added Pin To Net: NetName=PROG_SWDIO Pin=F?-46
Added Pin To Net: NetName=NetCVCAP2_1 Pin=F?-47
Added Pin To Net: NetName=NetF?_1 Pin=F?-48
Added Pin To Net: NetName=PROG_SWCLK Pin=F?-49
Added Pin To Net: NetName=MPU_CS Pin=F?-50
Added Pin To Net: NetName=SPI3_SCK Pin=F?-51
Added Pin To Net: NetName=SPI3_MISO Pin=F?-52
Added Pin To Net: NetName=SPI3_MOSI Pin=F?-53
Added Pin To Net: NetName=PROG_SWO Pin=F?-55
Added Pin To Net: NetName=UART1_TX Pin=F?-58
Added Pin To Net: NetName=UART1_RX Pin=F?-59
Added Pin To Net: NetName=GND Pin=F?-60
Added Pin To Net: NetName=I2C1_SCL Pin=F?-61
Added Pin To Net: NetName=I2C1_SDA Pin=F?-62
Added Pin To Net: NetName=GND Pin=F?-63
Added Pin To Net: NetName=NetF?_1 Pin=F?-64
Added Member To Class: ClassName=Flight_Controller Member=Component CVCAP1 CMS_0805
Added Member To Class: ClassName=Flight_Controller Member=Component CVCAP2 CMS_0805
Added Member To Class: ClassName=Flight_Controller Member=Component F? STM32F405RGT6
Added Member To Class: ClassName=Flight_Controller Member=Component F? STM32F405RGT6
Added Room: Name=Flight_Controller
