Removed Pin From Net: NetName=5Vin Pin=PowerBoard-1
Removed Pin From Net: NetName=GND Pin=PowerBoard-2
Removed Pin From Net: NetName=TIM1_CH4 Pin=PowerBoard-3
Removed Pin From Net: NetName=TIM1_CH3 Pin=PowerBoard-4
Removed Pin From Net: NetName=TIM1_CH2 Pin=PowerBoard-5
Removed Pin From Net: NetName=TIM1_CH1 Pin=PowerBoard-6
Removed Pin From Net: NetName=PC9 Pin=PowerBoard-7
Removed Pin From Net: NetName=ADC1_IN13 Pin=PowerBoard-8
Added Component: Designator=PowerBoard(SM08BSRSSTBLFSN)
Add component (AddParameter): Name = "Arrow Part Number"; Value = "SM08B-SRSS-TB (LF)(SN)"; VariantName = "[No Variations]"
Add component (AddParameter): Name = "Arrow Price/Stock"; Value = "https://www.arrow.com/en/products/sm08b-srss-tb-lf-sn/jst-manufacturing"; VariantName = "[No Variations]"
Add component (AddParameter): Name = "Datasheet Link"; Value = "http://docs-emea.rs-online.com/webdocs/082f/0900766b8082f545.pdf"; VariantName = "[No Variations]"
Add component (AddParameter): Name = "Height"; Value = "2.9mm"; VariantName = "[No Variations]"
Add component (AddParameter): Name = "Manufacturer_Name"; Value = "JST (JAPAN SOLDERLESS TERMINALS)"; VariantName = "[No Variations]"
Add component (AddParameter): Name = "Manufacturer_Part_Number"; Value = "SM08B-SRSS-TB (LF)(SN)"; VariantName = "[No Variations]"
Add component (AddParameter): Name = "Mouser Part Number"; Value = ""; VariantName = "[No Variations]"
Add component (AddParameter): Name = "Mouser Price/Stock"; Value = ""; VariantName = "[No Variations]"
Added Pin To Net: NetName=ADC1_IN13 Pin=PowerBoard-1
Added Pin To Net: NetName=PC9 Pin=PowerBoard-2
Added Pin To Net: NetName=TIM1_CH1 Pin=PowerBoard-3
Added Pin To Net: NetName=TIM1_CH2 Pin=PowerBoard-4
Added Pin To Net: NetName=TIM1_CH3 Pin=PowerBoard-5
Added Pin To Net: NetName=TIM1_CH4 Pin=PowerBoard-6
Added Pin To Net: NetName=GND Pin=PowerBoard-7
Added Pin To Net: NetName=5Vin Pin=PowerBoard-8
